-- The C compiler identification is GNU 9.4.0
-- The CXX compiler identification is GNU 9.4.0
-- Detecting C compiler ABI info
-- Detecting C compiler ABI info - done
-- Check for working C compiler: /usr/bin/cc - skipped
-- Detecting C compile features
-- Detecting C compile features - done
-- Detecting CXX compiler ABI info
-- Detecting CXX compiler ABI info - done
-- Check for working CXX compiler: /usr/bin/c++ - skipped
-- Detecting CXX compile features
-- Detecting CXX compile features - done
-- Performing Test CMAKE_HAVE_LIBC_PTHREAD
-- Performing Test CMAKE_HAVE_LIBC_PTHREAD - Failed
-- Check if compiler accepts -pthread
-- Check if compiler accepts -pthread - yes
-- Found Threads: TRUE  
-- Performing Test HAVE_STDATOMIC
-- Performing Test HAVE_STDATOMIC - Success
-- Found WrapAtomic: TRUE  
-- Found OpenGL: /usr/lib/x86_64-linux-gnu/libOpenGL.so   
-- Found WrapOpenGL: TRUE  
-- Found XKB: /usr/lib/x86_64-linux-gnu/libxkbcommon.so (found suitable version "0.10.0", minimum required is "0.5.0") 
-- Found WrapVulkanHeaders: /usr/include  
-- Found ament_cmake: 1.1.6 (/opt/ros/galactic/share/ament_cmake/cmake)
-- Found PythonInterp: /usr/bin/python3 (found suitable version "3.8.10", minimum required is "3") 
-- Using PYTHON_EXECUTABLE: /usr/bin/python3
-- Found rclcpp: 9.2.2 (/opt/ros/galactic/share/rclcpp/cmake)
-- Using all available rosidl_typesupport_c: rosidl_typesupport_fastrtps_c;rosidl_typesupport_introspection_c
-- Found rosidl_adapter: 2.2.3 (/opt/ros/galactic/share/rosidl_adapter/cmake)
-- Found OpenSSL: /usr/lib/x86_64-linux-gnu/libcrypto.so (found version "1.1.1f")  
-- Found FastRTPS: /opt/ros/galactic/include  
-- Using all available rosidl_typesupport_cpp: rosidl_typesupport_fastrtps_cpp;rosidl_typesupport_introspection_cpp
-- Found rmw_implementation_cmake: 3.3.1 (/opt/ros/galactic/share/rmw_implementation_cmake/cmake)
-- Found rmw_cyclonedds_cpp: 0.22.6 (/opt/ros/galactic/share/rmw_cyclonedds_cpp/cmake)
-- Using RMW implementation 'rmw_cyclonedds_cpp' as default
-- Found rclcpp_action: 9.2.2 (/opt/ros/galactic/share/rclcpp_action/cmake)
-- Found cv_bridge: 3.1.3 (/opt/ros/galactic/share/cv_bridge/cmake)
-- Found lgs_interfaces: 0.0.0 (/home/josue/ros2_ws/install/lgs_interfaces/share/lgs_interfaces/cmake)
-- Found ament_lint_auto: 0.10.7 (/opt/ros/galactic/share/ament_lint_auto/cmake)
-- Added test 'copyright' to check source files copyright and LICENSE
-- Added test 'cppcheck' to perform static code analysis on C / C++ code
-- Configured cppcheck include dirs: $<BUILD_INTERFACE:/home/josue/ros2_ws/src/lgs_ui/include>
-- Configured cppcheck exclude dirs and/or files: 
-- Added test 'cpplint' to check C / C++ code against the Google style
-- Configured cpplint exclude dirs and/or files: 
-- Added test 'lint_cmake' to check CMake code style
-- Added test 'uncrustify' to check C / C++ code style
-- Configured uncrustify additional arguments: 
-- Added test 'xmllint' to check XML markup files
-- Configuring done
-- Generating done
-- Build files have been written to: /home/josue/ros2_ws/src/lgs_ui/build/lgs_ui
[ 12%] [34m[1mAutomatic MOC and UIC for target user_interface[0m
[ 12%] Built target user_interface_autogen
[ 37%] [32mBuilding CXX object CMakeFiles/user_interface.dir/src/Ros.cpp.o[0m
[ 37%] [32mBuilding CXX object CMakeFiles/user_interface.dir/src/main.cpp.o[0m
[ 50%] [32mBuilding CXX object CMakeFiles/user_interface.dir/src/MainWindow.cpp.o[0m
[ 62%] [32mBuilding CXX object CMakeFiles/user_interface.dir/user_interface_autogen/mocs_compilation.cpp.o[0m
[ 75%] [32mBuilding CXX object CMakeFiles/user_interface.dir/src/components/module_button.cpp.o[0m
[ 87%] [32mBuilding CXX object CMakeFiles/user_interface.dir/src/components/ImageView.cpp.o[0m
[100%] [32m[1mLinking CXX executable user_interface[0m
[100%] Built target user_interface
-- Install configuration: ""
-- Installing: /home/josue/ros2_ws/src/lgs_ui/install/lgs_ui/lib/lgs_ui/user_interface
-- Set runtime path of "/home/josue/ros2_ws/src/lgs_ui/install/lgs_ui/lib/lgs_ui/user_interface" to "/opt/ros/galactic/lib:/home/josue/ros2_ws/install/lgs_interfaces/lib:/home/josue/Qt/6.4.0/gcc_64/lib"
-- Installing: /home/josue/ros2_ws/src/lgs_ui/install/lgs_ui/share/ament_index/resource_index/package_run_dependencies/lgs_ui
-- Installing: /home/josue/ros2_ws/src/lgs_ui/install/lgs_ui/share/ament_index/resource_index/parent_prefix_path/lgs_ui
-- Installing: /home/josue/ros2_ws/src/lgs_ui/install/lgs_ui/share/lgs_ui/environment/ament_prefix_path.sh
-- Installing: /home/josue/ros2_ws/src/lgs_ui/install/lgs_ui/share/lgs_ui/environment/ament_prefix_path.dsv
-- Installing: /home/josue/ros2_ws/src/lgs_ui/install/lgs_ui/share/lgs_ui/environment/path.sh
-- Installing: /home/josue/ros2_ws/src/lgs_ui/install/lgs_ui/share/lgs_ui/environment/path.dsv
-- Installing: /home/josue/ros2_ws/src/lgs_ui/install/lgs_ui/share/lgs_ui/local_setup.bash
-- Installing: /home/josue/ros2_ws/src/lgs_ui/install/lgs_ui/share/lgs_ui/local_setup.sh
-- Installing: /home/josue/ros2_ws/src/lgs_ui/install/lgs_ui/share/lgs_ui/local_setup.zsh
-- Installing: /home/josue/ros2_ws/src/lgs_ui/install/lgs_ui/share/lgs_ui/local_setup.dsv
-- Installing: /home/josue/ros2_ws/src/lgs_ui/install/lgs_ui/share/lgs_ui/package.dsv
-- Installing: /home/josue/ros2_ws/src/lgs_ui/install/lgs_ui/share/ament_index/resource_index/packages/lgs_ui
-- Installing: /home/josue/ros2_ws/src/lgs_ui/install/lgs_ui/share/lgs_ui/cmake/lgs_uiConfig.cmake
-- Installing: /home/josue/ros2_ws/src/lgs_ui/install/lgs_ui/share/lgs_ui/cmake/lgs_uiConfig-version.cmake
-- Installing: /home/josue/ros2_ws/src/lgs_ui/install/lgs_ui/share/lgs_ui/package.xml
