[0.221s] DEBUG:colcon:Command line arguments: ['/usr/bin/colcon', 'build', '--packages-select', 'lgs_ui']
[0.221s] DEBUG:colcon:Parsed command line arguments: Namespace(allow_overriding=[], ament_cmake_args=None, base_paths=['.'], build_base='build', catkin_cmake_args=None, catkin_skip_building_tests=False, cmake_args=None, cmake_clean_cache=False, cmake_clean_first=False, cmake_force_configure=False, cmake_target=None, cmake_target_skip_unavailable=False, continue_on_error=False, event_handlers=None, executor='parallel', ignore_user_meta=False, install_base='install', log_base=None, log_level=None, main=<bound method BuildVerb.main of <colcon_core.verb.build.BuildVerb object at 0x7f6d786fc250>>, merge_install=False, metas=['./colcon.meta'], packages_above=None, packages_above_and_dependencies=None, packages_above_depth=None, packages_end=None, packages_ignore=None, packages_ignore_regex=None, packages_select=['lgs_ui'], packages_select_build_failed=False, packages_select_by_dep=None, packages_select_regex=None, packages_select_test_failures=False, packages_skip=None, packages_skip_build_finished=False, packages_skip_by_dep=None, packages_skip_regex=None, packages_skip_test_passed=False, packages_skip_up_to=None, packages_start=None, packages_up_to=None, packages_up_to_regex=None, parallel_workers=8, paths=None, symlink_install=False, test_result_base=None, verb_extension=<colcon_core.verb.build.BuildVerb object at 0x7f6d786fc250>, verb_name='build', verb_parser=<colcon_defaults.argument_parser.defaults.DefaultArgumentsDecorator object at 0x7f6d786fc790>)
[0.254s] Level 1:colcon.colcon_core.package_discovery:discover_packages(colcon_meta) check parameters
[0.254s] Level 1:colcon.colcon_core.package_discovery:discover_packages(recursive) check parameters
[0.254s] Level 1:colcon.colcon_core.package_discovery:discover_packages(ignore) check parameters
[0.254s] Level 1:colcon.colcon_core.package_discovery:discover_packages(path) check parameters
[0.254s] Level 1:colcon.colcon_core.package_discovery:discover_packages(colcon_meta) discover
[0.254s] Level 1:colcon.colcon_core.package_discovery:discover_packages(recursive) discover
[0.254s] INFO:colcon.colcon_core.package_discovery:Crawling recursively for packages in '/home/josue/ros2_ws/src/lgs_ui'
[0.254s] Level 1:colcon.colcon_core.package_identification:_identify(.) by extensions ['ignore', 'ignore_ament_install']
[0.254s] Level 1:colcon.colcon_core.package_identification:_identify(.) by extension 'ignore'
[0.254s] Level 1:colcon.colcon_core.package_identification:_identify(.) by extension 'ignore_ament_install'
[0.254s] Level 1:colcon.colcon_core.package_identification:_identify(.) by extensions ['colcon_pkg']
[0.254s] Level 1:colcon.colcon_core.package_identification:_identify(.) by extension 'colcon_pkg'
[0.254s] Level 1:colcon.colcon_core.package_identification:_identify(.) by extensions ['colcon_meta']
[0.254s] Level 1:colcon.colcon_core.package_identification:_identify(.) by extension 'colcon_meta'
[0.255s] Level 1:colcon.colcon_core.package_identification:_identify(.) by extensions ['ros']
[0.255s] Level 1:colcon.colcon_core.package_identification:_identify(.) by extension 'ros'
[0.268s] DEBUG:colcon.colcon_core.package_identification:Package '.' with type 'ros.ament_cmake' and name 'lgs_ui'
[0.268s] Level 1:colcon.colcon_core.package_discovery:discover_packages(recursive) using defaults
[0.268s] Level 1:colcon.colcon_core.package_discovery:discover_packages(ignore) discover
[0.268s] Level 1:colcon.colcon_core.package_discovery:discover_packages(ignore) using defaults
[0.268s] Level 1:colcon.colcon_core.package_discovery:discover_packages(path) discover
[0.268s] Level 1:colcon.colcon_core.package_discovery:discover_packages(path) using defaults
[0.289s] Level 1:colcon.colcon_core.package_discovery:discover_packages(prefix_path) check parameters
[0.289s] Level 1:colcon.colcon_core.package_discovery:discover_packages(prefix_path) discover
[0.296s] DEBUG:colcon.colcon_installed_package_information.package_discovery:Found 15 installed packages in /home/josue/ros2_ws/install
[0.299s] DEBUG:colcon.colcon_installed_package_information.package_discovery:Found 268 installed packages in /opt/ros/galactic
[0.302s] Level 1:colcon.colcon_core.package_discovery:discover_packages(prefix_path) using defaults
[0.393s] Level 5:colcon.colcon_core.verb:set package 'lgs_ui' build argument 'cmake_args' from command line to 'None'
[0.393s] Level 5:colcon.colcon_core.verb:set package 'lgs_ui' build argument 'cmake_target' from command line to 'None'
[0.393s] Level 5:colcon.colcon_core.verb:set package 'lgs_ui' build argument 'cmake_target_skip_unavailable' from command line to 'False'
[0.393s] Level 5:colcon.colcon_core.verb:set package 'lgs_ui' build argument 'cmake_clean_cache' from command line to 'False'
[0.393s] Level 5:colcon.colcon_core.verb:set package 'lgs_ui' build argument 'cmake_clean_first' from command line to 'False'
[0.393s] Level 5:colcon.colcon_core.verb:set package 'lgs_ui' build argument 'cmake_force_configure' from command line to 'False'
[0.393s] Level 5:colcon.colcon_core.verb:set package 'lgs_ui' build argument 'ament_cmake_args' from command line to 'None'
[0.393s] Level 5:colcon.colcon_core.verb:set package 'lgs_ui' build argument 'catkin_cmake_args' from command line to 'None'
[0.393s] Level 5:colcon.colcon_core.verb:set package 'lgs_ui' build argument 'catkin_skip_building_tests' from command line to 'False'
[0.393s] DEBUG:colcon.colcon_core.verb:Building package 'lgs_ui' with the following arguments: {'ament_cmake_args': None, 'build_base': '/home/josue/ros2_ws/src/lgs_ui/build/lgs_ui', 'catkin_cmake_args': None, 'catkin_skip_building_tests': False, 'cmake_args': None, 'cmake_clean_cache': False, 'cmake_clean_first': False, 'cmake_force_configure': False, 'cmake_target': None, 'cmake_target_skip_unavailable': False, 'install_base': '/home/josue/ros2_ws/src/lgs_ui/install/lgs_ui', 'merge_install': False, 'path': '/home/josue/ros2_ws/src/lgs_ui', 'symlink_install': False, 'test_result_base': None}
[0.393s] INFO:colcon.colcon_core.executor:Executing jobs using 'parallel' executor
[0.397s] DEBUG:colcon.colcon_parallel_executor.executor.parallel:run_until_complete
[0.397s] INFO:colcon.colcon_ros.task.ament_cmake.build:Building ROS package in '/home/josue/ros2_ws/src/lgs_ui' with build type 'ament_cmake'
[0.398s] INFO:colcon.colcon_cmake.task.cmake.build:Building CMake package in '/home/josue/ros2_ws/src/lgs_ui'
[0.407s] INFO:colcon.colcon_core.plugin_system:Skipping extension 'colcon_core.shell.bat': Not used on non-Windows systems
[0.408s] INFO:colcon.colcon_core.shell:Skip shell extension 'powershell' for command environment: Not usable outside of PowerShell
[0.408s] DEBUG:colcon.colcon_core.shell:Skip shell extension 'dsv' for command environment
[0.425s] DEBUG:colcon.colcon_core.event_handler.log_command:Invoking command in '/home/josue/ros2_ws/src/lgs_ui/build/lgs_ui': CMAKE_PREFIX_PATH=${CMAKE_PREFIX_PATH}:/opt/ros/galactic /usr/local/bin/cmake /home/josue/ros2_ws/src/lgs_ui -DCMAKE_INSTALL_PREFIX=/home/josue/ros2_ws/src/lgs_ui/install/lgs_ui
[2.544s] DEBUG:colcon.colcon_core.event_handler.log_command:Invoked command in '/home/josue/ros2_ws/src/lgs_ui/build/lgs_ui' returned '0': CMAKE_PREFIX_PATH=${CMAKE_PREFIX_PATH}:/opt/ros/galactic /usr/local/bin/cmake /home/josue/ros2_ws/src/lgs_ui -DCMAKE_INSTALL_PREFIX=/home/josue/ros2_ws/src/lgs_ui/install/lgs_ui
[2.548s] DEBUG:colcon.colcon_core.event_handler.log_command:Invoking command in '/home/josue/ros2_ws/src/lgs_ui/build/lgs_ui': CMAKE_PREFIX_PATH=${CMAKE_PREFIX_PATH}:/opt/ros/galactic /usr/local/bin/cmake --build /home/josue/ros2_ws/src/lgs_ui/build/lgs_ui -- -j8 -l8
[19.705s] DEBUG:colcon.colcon_core.event_handler.log_command:Invoked command in '/home/josue/ros2_ws/src/lgs_ui/build/lgs_ui' returned '0': CMAKE_PREFIX_PATH=${CMAKE_PREFIX_PATH}:/opt/ros/galactic /usr/local/bin/cmake --build /home/josue/ros2_ws/src/lgs_ui/build/lgs_ui -- -j8 -l8
[19.747s] DEBUG:colcon.colcon_core.event_handler.log_command:Invoking command in '/home/josue/ros2_ws/src/lgs_ui/build/lgs_ui': CMAKE_PREFIX_PATH=${CMAKE_PREFIX_PATH}:/opt/ros/galactic /usr/local/bin/cmake --install /home/josue/ros2_ws/src/lgs_ui/build/lgs_ui
[19.758s] Level 1:colcon.colcon_core.environment:create_environment_scripts_only(lgs_ui)
[19.760s] DEBUG:colcon.colcon_core.event_handler.log_command:Invoked command in '/home/josue/ros2_ws/src/lgs_ui/build/lgs_ui' returned '0': CMAKE_PREFIX_PATH=${CMAKE_PREFIX_PATH}:/opt/ros/galactic /usr/local/bin/cmake --install /home/josue/ros2_ws/src/lgs_ui/build/lgs_ui
[19.769s] Level 1:colcon.colcon_core.environment:checking '/home/josue/ros2_ws/src/lgs_ui/install/lgs_ui' for CMake module files
[19.770s] Level 1:colcon.colcon_core.environment:checking '/home/josue/ros2_ws/src/lgs_ui/install/lgs_ui' for CMake config files
[19.770s] Level 1:colcon.colcon_core.shell:create_environment_hook('lgs_ui', 'cmake_prefix_path')
[19.772s] INFO:colcon.colcon_core.shell:Creating environment hook '/home/josue/ros2_ws/src/lgs_ui/install/lgs_ui/share/lgs_ui/hook/cmake_prefix_path.ps1'
[19.773s] INFO:colcon.colcon_core.shell:Creating environment descriptor '/home/josue/ros2_ws/src/lgs_ui/install/lgs_ui/share/lgs_ui/hook/cmake_prefix_path.dsv'
[19.774s] INFO:colcon.colcon_core.shell:Creating environment hook '/home/josue/ros2_ws/src/lgs_ui/install/lgs_ui/share/lgs_ui/hook/cmake_prefix_path.sh'
[19.775s] Level 1:colcon.colcon_core.environment:checking '/home/josue/ros2_ws/src/lgs_ui/install/lgs_ui/lib'
[19.775s] Level 1:colcon.colcon_core.environment:checking '/home/josue/ros2_ws/src/lgs_ui/install/lgs_ui/bin'
[19.775s] Level 1:colcon.colcon_core.environment:checking '/home/josue/ros2_ws/src/lgs_ui/install/lgs_ui/lib/pkgconfig/lgs_ui.pc'
[19.775s] Level 1:colcon.colcon_core.environment:checking '/home/josue/ros2_ws/src/lgs_ui/install/lgs_ui/lib/python3.8/site-packages'
[19.775s] Level 1:colcon.colcon_core.environment:checking '/home/josue/ros2_ws/src/lgs_ui/install/lgs_ui/bin'
[19.777s] INFO:colcon.colcon_core.shell:Creating package script '/home/josue/ros2_ws/src/lgs_ui/install/lgs_ui/share/lgs_ui/package.ps1'
[19.777s] INFO:colcon.colcon_core.shell:Creating package descriptor '/home/josue/ros2_ws/src/lgs_ui/install/lgs_ui/share/lgs_ui/package.dsv'
[19.778s] INFO:colcon.colcon_core.shell:Creating package script '/home/josue/ros2_ws/src/lgs_ui/install/lgs_ui/share/lgs_ui/package.sh'
[19.779s] INFO:colcon.colcon_core.shell:Creating package script '/home/josue/ros2_ws/src/lgs_ui/install/lgs_ui/share/lgs_ui/package.bash'
[19.780s] INFO:colcon.colcon_core.shell:Creating package script '/home/josue/ros2_ws/src/lgs_ui/install/lgs_ui/share/lgs_ui/package.zsh'
[19.781s] Level 1:colcon.colcon_core.environment:create_file_with_runtime_dependencies(/home/josue/ros2_ws/src/lgs_ui/install/lgs_ui/share/colcon-core/packages/lgs_ui)
[19.813s] Level 1:colcon.colcon_core.environment:create_environment_scripts_only(lgs_ui)
[19.815s] Level 1:colcon.colcon_core.environment:checking '/home/josue/ros2_ws/src/lgs_ui/install/lgs_ui' for CMake module files
[19.816s] Level 1:colcon.colcon_core.environment:checking '/home/josue/ros2_ws/src/lgs_ui/install/lgs_ui' for CMake config files
[19.816s] Level 1:colcon.colcon_core.shell:create_environment_hook('lgs_ui', 'cmake_prefix_path')
[19.817s] INFO:colcon.colcon_core.shell:Creating environment hook '/home/josue/ros2_ws/src/lgs_ui/install/lgs_ui/share/lgs_ui/hook/cmake_prefix_path.ps1'
[19.818s] INFO:colcon.colcon_core.shell:Creating environment descriptor '/home/josue/ros2_ws/src/lgs_ui/install/lgs_ui/share/lgs_ui/hook/cmake_prefix_path.dsv'
[19.818s] INFO:colcon.colcon_core.shell:Creating environment hook '/home/josue/ros2_ws/src/lgs_ui/install/lgs_ui/share/lgs_ui/hook/cmake_prefix_path.sh'
[19.819s] Level 1:colcon.colcon_core.environment:checking '/home/josue/ros2_ws/src/lgs_ui/install/lgs_ui/lib'
[19.819s] Level 1:colcon.colcon_core.environment:checking '/home/josue/ros2_ws/src/lgs_ui/install/lgs_ui/bin'
[19.819s] Level 1:colcon.colcon_core.environment:checking '/home/josue/ros2_ws/src/lgs_ui/install/lgs_ui/lib/pkgconfig/lgs_ui.pc'
[19.819s] Level 1:colcon.colcon_core.environment:checking '/home/josue/ros2_ws/src/lgs_ui/install/lgs_ui/lib/python3.8/site-packages'
[19.820s] Level 1:colcon.colcon_core.environment:checking '/home/josue/ros2_ws/src/lgs_ui/install/lgs_ui/bin'
[19.821s] INFO:colcon.colcon_core.shell:Creating package script '/home/josue/ros2_ws/src/lgs_ui/install/lgs_ui/share/lgs_ui/package.ps1'
[19.822s] INFO:colcon.colcon_core.shell:Creating package descriptor '/home/josue/ros2_ws/src/lgs_ui/install/lgs_ui/share/lgs_ui/package.dsv'
[19.822s] INFO:colcon.colcon_core.shell:Creating package script '/home/josue/ros2_ws/src/lgs_ui/install/lgs_ui/share/lgs_ui/package.sh'
[19.823s] INFO:colcon.colcon_core.shell:Creating package script '/home/josue/ros2_ws/src/lgs_ui/install/lgs_ui/share/lgs_ui/package.bash'
[19.823s] INFO:colcon.colcon_core.shell:Creating package script '/home/josue/ros2_ws/src/lgs_ui/install/lgs_ui/share/lgs_ui/package.zsh'
[19.823s] Level 1:colcon.colcon_core.environment:create_file_with_runtime_dependencies(/home/josue/ros2_ws/src/lgs_ui/install/lgs_ui/share/colcon-core/packages/lgs_ui)
[19.824s] DEBUG:colcon.colcon_parallel_executor.executor.parallel:closing loop
[19.824s] DEBUG:colcon.colcon_parallel_executor.executor.parallel:loop closed
[19.824s] DEBUG:colcon.colcon_parallel_executor.executor.parallel:run_until_complete finished with '0'
[19.824s] DEBUG:colcon.colcon_core.event_reactor:joining thread
[19.835s] INFO:colcon.colcon_core.plugin_system:Skipping extension 'colcon_notification.desktop_notification.terminal_notifier': Not used on non-Darwin systems
[19.835s] INFO:colcon.colcon_core.plugin_system:Skipping extension 'colcon_notification.desktop_notification.win32': Not used on non-Windows systems
[19.835s] INFO:colcon.colcon_notification.desktop_notification:Sending desktop notification using 'notify2'
[44.860s] DEBUG:colcon.colcon_notification.desktop_notification.notify2:Failed to initialize notify2: org.freedesktop.DBus.Error.NoReply: Did not receive a reply. Possible causes include: the remote application did not send a reply, the message bus security policy blocked the reply, the reply timeout expired, or the network connection was broken.
[44.860s] DEBUG:colcon.colcon_core.event_reactor:joined thread
[44.862s] INFO:colcon.colcon_core.shell:Creating prefix script '/home/josue/ros2_ws/src/lgs_ui/install/local_setup.ps1'
[44.864s] INFO:colcon.colcon_core.shell:Creating prefix util module '/home/josue/ros2_ws/src/lgs_ui/install/_local_setup_util_ps1.py'
[44.867s] INFO:colcon.colcon_core.shell:Creating prefix chain script '/home/josue/ros2_ws/src/lgs_ui/install/setup.ps1'
[44.872s] INFO:colcon.colcon_core.shell:Creating prefix script '/home/josue/ros2_ws/src/lgs_ui/install/local_setup.sh'
[44.873s] INFO:colcon.colcon_core.shell:Creating prefix util module '/home/josue/ros2_ws/src/lgs_ui/install/_local_setup_util_sh.py'
[44.873s] INFO:colcon.colcon_core.shell:Creating prefix chain script '/home/josue/ros2_ws/src/lgs_ui/install/setup.sh'
[44.876s] INFO:colcon.colcon_core.shell:Creating prefix script '/home/josue/ros2_ws/src/lgs_ui/install/local_setup.bash'
[44.877s] INFO:colcon.colcon_core.shell:Creating prefix chain script '/home/josue/ros2_ws/src/lgs_ui/install/setup.bash'
[44.881s] INFO:colcon.colcon_core.shell:Creating prefix script '/home/josue/ros2_ws/src/lgs_ui/install/local_setup.zsh'
[44.881s] INFO:colcon.colcon_core.shell:Creating prefix chain script '/home/josue/ros2_ws/src/lgs_ui/install/setup.zsh'
